{"numFailedTestSuites":1,"numFailedTests":1,"numPassedTestSuites":1,"numPassedTests":16,"numPendingTestSuites":0,"numPendingTests":0,"numRuntimeErrorTestSuites":0,"numTodoTests":0,"numTotalTestSuites":2,"numTotalTests":17,"openHandles":[],"snapshot":{"added":0,"didUpdate":false,"failure":false,"filesAdded":0,"filesRemoved":0,"filesRemovedList":[],"filesUnmatched":0,"filesUpdated":0,"matched":0,"total":0,"unchecked":0,"uncheckedKeysByFile":[],"unmatched":0,"updated":0},"startTime":1772613653036,"success":false,"testResults":[{"assertionResults":[{"ancestorTitles":["scoring_summer.ts (Summer Scoring Rules)","calculateSummerScore"],"duration":4,"failing":false,"failureDetails":[],"failureMessages":[],"fullName":"scoring_summer.ts (Summer Scoring Rules) calculateSummerScore 繝吶・繧ｹ繧ｹ繧ｳ繧｢縺ｯ50縺ｧ縺ゅｋ縺薙→","invocations":1,"location":null,"numPassingAsserts":1,"retryReasons":[],"startAt":1772613654167,"status":"passed","title":"繝吶・繧ｹ繧ｹ繧ｳ繧｢縺ｯ50縺ｧ縺ゅｋ縺薙→"},{"ancestorTitles":["scoring_summer.ts (Summer Scoring Rules)","calculateSummerScore"],"duration":2,"failing":false,"failureDetails":[],"failureMessages":[],"fullName":"scoring_summer.ts (Summer Scoring Rules) calculateSummerScore 豌玲ｸｩ縺悟ｿｫ驕ｩ繧ｾ繝ｼ繝ｳ(15-22邃・縺ｮ縺ｨ縺阪せ繧ｳ繧｢縺御ｸ頑・縺吶ｋ (+25)","invocations":1,"location":null,"numPassingAsserts":2,"retryReasons":[],"startAt":1772613654172,"status":"passed","title":"豌玲ｸｩ縺悟ｿｫ驕ｩ繧ｾ繝ｼ繝ｳ(15-22邃・縺ｮ縺ｨ縺阪せ繧ｳ繧｢縺御ｸ頑・縺吶ｋ (+25)"},{"ancestorTitles":["scoring_summer.ts (Summer Scoring Rules)","calculateSummerScore"],"duration":1,"failing":false,"failureDetails":[],"failureMessages":[],"fullName":"scoring_summer.ts (Summer Scoring Rules) calculateSummerScore 豌玲ｸｩ縺・蠎ｦ譛ｪ貅縺ｮ縺ｨ縺阪せ繧ｳ繧｢縺悟､ｧ蟷・↓荳矩剄縺吶ｋ (-40)","invocations":1,"location":null,"numPassingAsserts":2,"retryReasons":[],"startAt":1772613654174,"status":"passed","title":"豌玲ｸｩ縺・蠎ｦ譛ｪ貅縺ｮ縺ｨ縺阪せ繧ｳ繧｢縺悟､ｧ蟷・↓荳矩剄縺吶ｋ (-40)"},{"ancestorTitles":["scoring_summer.ts (Summer Scoring Rules)","calculateSummerScore"],"duration":0,"failing":false,"failureDetails":[],"failureMessages":[],"fullName":"scoring_summer.ts (Summer Scoring Rules) calculateSummerScore 繝吶せ繝医す繝ｼ繧ｺ繝ｳ螟悶・縺ｨ縺阪・繧ｹ繧ｳ繧｢縺御ｸ矩剄縺吶ｋ (-15)","invocations":1,"location":null,"numPassingAsserts":2,"retryReasons":[],"startAt":1772613654176,"status":"passed","title":"繝吶せ繝医す繝ｼ繧ｺ繝ｳ螟悶・縺ｨ縺阪・繧ｹ繧ｳ繧｢縺御ｸ矩剄縺吶ｋ (-15)"},{"ancestorTitles":["scoring_summer.ts (Summer Scoring Rules)","calculateSummerScore"],"duration":2,"failing":false,"failureDetails":[{"matcherResult":{"message":"expect(received).toContain(expected) // indexOf\n\nExpected substring: \"縺翫□繧・°縺ｪ譌･\"\nReceived string:    \"驛ｽ莨壹ｈ繧・5邃・ｶｼ縺励＞ / 繝吶せ繝医す繝ｼ繧ｺ繝ｳ\"","pass":false}}],"failureMessages":["Error: expect(received).toContain(expected) // indexOf\n\nExpected substring: \"縺翫□繧・°縺ｪ譌･\"\nReceived string:    \"驛ｽ莨壹ｈ繧・5邃・ｶｼ縺励＞ / 繝吶せ繝医す繝ｼ繧ｺ繝ｳ\"\n    at Object.toContain (C:\\Users\\iiiii\\Documents\\google驥榊鴨辟｡蜉ｹ\\hybrid-snow-hunter-source\\src\\lib\\__tests__\\scoring_summer.test.ts:75:36)\n    at Promise.finally.completed (C:\\Users\\iiiii\\Documents\\google驥榊鴨辟｡蜉ｹ\\hybrid-snow-hunter-source\\node_modules\\jest-circus\\build\\jestAdapterInit.js:1557:28)\n    at new Promise (<anonymous>)\n    at callAsyncCircusFn (C:\\Users\\iiiii\\Documents\\google驥榊鴨辟｡蜉ｹ\\hybrid-snow-hunter-source\\node_modules\\jest-circus\\build\\jestAdapterInit.js:1497:10)\n    at _callCircusTest (C:\\Users\\iiiii\\Documents\\google驥榊鴨辟｡蜉ｹ\\hybrid-snow-hunter-source\\node_modules\\jest-circus\\build\\jestAdapterInit.js:1007:40)\n    at processTicksAndRejections (node:internal/process/task_queues:103:5)\n    at _runTest (C:\\Users\\iiiii\\Documents\\google驥榊鴨辟｡蜉ｹ\\hybrid-snow-hunter-source\\node_modules\\jest-circus\\build\\jestAdapterInit.js:947:3)\n    at C:\\Users\\iiiii\\Documents\\google驥榊鴨辟｡蜉ｹ\\hybrid-snow-hunter-source\\node_modules\\jest-circus\\build\\jestAdapterInit.js:849:7\n    at _runTestsForDescribeBlock (C:\\Users\\iiiii\\Documents\\google驥榊鴨辟｡蜉ｹ\\hybrid-snow-hunter-source\\node_modules\\jest-circus\\build\\jestAdapterInit.js:862:11)\n    at _runTestsForDescribeBlock (C:\\Users\\iiiii\\Documents\\google驥榊鴨辟｡蜉ｹ\\hybrid-snow-hunter-source\\node_modules\\jest-circus\\build\\jestAdapterInit.js:857:11)\n    at _runTestsForDescribeBlock (C:\\Users\\iiiii\\Documents\\google驥榊鴨辟｡蜉ｹ\\hybrid-snow-hunter-source\\node_modules\\jest-circus\\build\\jestAdapterInit.js:857:11)\n    at run (C:\\Users\\iiiii\\Documents\\google驥榊鴨辟｡蜉ｹ\\hybrid-snow-hunter-source\\node_modules\\jest-circus\\build\\jestAdapterInit.js:761:3)\n    at runAndTransformResultsToJestFormat (C:\\Users\\iiiii\\Documents\\google驥榊鴨辟｡蜉ｹ\\hybrid-snow-hunter-source\\node_modules\\jest-circus\\build\\jestAdapterInit.js:1918:21)\n    at jestAdapter (C:\\Users\\iiiii\\Documents\\google驥榊鴨辟｡蜉ｹ\\hybrid-snow-hunter-source\\node_modules\\jest-circus\\build\\runner.js:101:19)\n    at runTestInternal (C:\\Users\\iiiii\\Documents\\google驥榊鴨辟｡蜉ｹ\\hybrid-snow-hunter-source\\node_modules\\jest-runner\\build\\index.js:275:16)\n    at runTest (C:\\Users\\iiiii\\Documents\\google驥榊鴨辟｡蜉ｹ\\hybrid-snow-hunter-source\\node_modules\\jest-runner\\build\\index.js:343:7)"],"fullName":"scoring_summer.ts (Summer Scoring Rules) calculateSummerScore 髮ｷ髮ｨ縺ｮ莠亥ｱ(95莉･荳・縺ｮ蝣ｴ蜷医・繧ｹ繧ｳ繧｢縺悟､ｧ蟷・↓荳矩剄縺吶ｋ (-40)","invocations":1,"location":null,"numPassingAsserts":1,"retryReasons":[],"startAt":1772613654177,"status":"failed","title":"髮ｷ髮ｨ縺ｮ莠亥ｱ(95莉･荳・縺ｮ蝣ｴ蜷医・繧ｹ繧ｳ繧｢縺悟､ｧ蟷・↓荳矩剄縺吶ｋ (-40)"},{"ancestorTitles":["scoring_summer.ts (Summer Scoring Rules)","calculateSummerScore"],"duration":1,"failing":false,"failureDetails":[],"failureMessages":[],"fullName":"scoring_summer.ts (Summer Scoring Rules) calculateSummerScore 蠑ｷ鬚ｨ縺ｮ莠亥ｱ(10m/s莉･荳・縺ｮ蝣ｴ蜷医・繧ｹ繧ｳ繧｢縺御ｸ矩剄縺吶ｋ (-30)","invocations":1,"location":null,"numPassingAsserts":2,"retryReasons":[],"startAt":1772613654187,"status":"passed","title":"蠑ｷ鬚ｨ縺ｮ莠亥ｱ(10m/s莉･荳・縺ｮ蝣ｴ蜷医・繧ｹ繧ｳ繧｢縺御ｸ矩剄縺吶ｋ (-30)"}],"endTime":1772613654205,"message":"  笳・scoring_summer.ts (Summer Scoring Rules) 窶ｺ calculateSummerScore 窶ｺ 髮ｷ髮ｨ縺ｮ莠亥ｱ(95莉･荳・縺ｮ蝣ｴ蜷医・繧ｹ繧ｳ繧｢縺悟､ｧ蟷・↓荳矩剄縺吶ｋ (-40)\n\n    expect(received).toContain(expected) // indexOf\n\n    Expected substring: \"縺翫□繧・°縺ｪ譌･\"\n    Received string:    \"驛ｽ莨壹ｈ繧・5邃・ｶｼ縺励＞ / 繝吶せ繝医す繝ｼ繧ｺ繝ｳ\"\n\n    \u001b[0m \u001b[90m 73 |\u001b[39m             \u001b[36mconst\u001b[39m result \u001b[33m=\u001b[39m calculateSummerScore(data\u001b[33m,\u001b[39m bestMonths\u001b[33m,\u001b[39m elevation)\u001b[33m;\u001b[39m\n     \u001b[90m 74 |\u001b[39m             expect(result\u001b[33m.\u001b[39mscore)\u001b[33m.\u001b[39mtoBe(\u001b[35m60\u001b[39m)\u001b[33m;\u001b[39m\n    \u001b[31m\u001b[1m>\u001b[22m\u001b[39m\u001b[90m 75 |\u001b[39m             expect(result\u001b[33m.\u001b[39mdetails)\u001b[33m.\u001b[39mtoContain(\u001b[32m'縺翫□繧・°縺ｪ譌･'\u001b[39m)\u001b[33m;\u001b[39m\n     \u001b[90m    |\u001b[39m                                    \u001b[31m\u001b[1m^\u001b[22m\u001b[39m\n     \u001b[90m 76 |\u001b[39m         })\u001b[33m;\u001b[39m\n     \u001b[90m 77 |\u001b[39m\n     \u001b[90m 78 |\u001b[39m         it(\u001b[32m'蠑ｷ鬚ｨ縺ｮ莠亥ｱ(10m/s莉･荳・縺ｮ蝣ｴ蜷医・繧ｹ繧ｳ繧｢縺御ｸ矩剄縺吶ｋ (-30)'\u001b[39m\u001b[33m,\u001b[39m () \u001b[33m=>\u001b[39m {\u001b[0m\n\n      at Object.toContain (src/lib/__tests__/scoring_summer.test.ts:75:36)\n","name":"C:\\Users\\iiiii\\Documents\\google驥榊鴨辟｡蜉ｹ\\hybrid-snow-hunter-source\\src\\lib\\__tests__\\scoring_summer.test.ts","startTime":1772613653762,"status":"failed","summary":""},{"assertionResults":[{"ancestorTitles":["scoring.ts (Winter Scoring Rules)","calculateConditionScore"],"duration":0,"failing":false,"failureDetails":[],"failureMessages":[],"fullName":"scoring.ts (Winter Scoring Rules) calculateConditionScore 繝吶・繧ｹ繧ｹ繧ｳ繧｢縺ｯ50縺ｧ縲・剄髮ｪ0縺縺ｨ-5縺輔ｌ繧具ｼ育ｵ先棡45縺ｫ縺ｪ繧具ｼ・,"invocations":1,"location":null,"numPassingAsserts":1,"retryReasons":[],"startAt":1772613654367,"status":"passed","title":"繝吶・繧ｹ繧ｹ繧ｳ繧｢縺ｯ50縺ｧ縲・剄髮ｪ0縺縺ｨ-5縺輔ｌ繧具ｼ育ｵ先棡45縺ｫ縺ｪ繧具ｼ・},{"ancestorTitles":["scoring.ts (Winter Scoring Rules)","calculateConditionScore"],"duration":0,"failing":false,"failureDetails":[],"failureMessages":[],"fullName":"scoring.ts (Winter Scoring Rules) calculateConditionScore 髯埼妛驥上′30cm繧定ｶ・∴繧九→縲√せ繧ｳ繧｢縺悟､ｧ蟷・い繝・・縺吶ｋ (+40)","invocations":1,"location":null,"numPassingAsserts":1,"retryReasons":[],"startAt":1772613654368,"status":"passed","title":"髯埼妛驥上′30cm繧定ｶ・∴繧九→縲√せ繧ｳ繧｢縺悟､ｧ蟷・い繝・・縺吶ｋ (+40)"},{"ancestorTitles":["scoring.ts (Winter Scoring Rules)","calculateConditionScore"],"duration":0,"failing":false,"failureDetails":[],"failureMessages":[],"fullName":"scoring.ts (Winter Scoring Rules) calculateConditionScore 髯埼妛驥上′15cm繧定ｶ・∴繧九→縲√せ繧ｳ繧｢縺後い繝・・縺吶ｋ (+20)","invocations":1,"location":null,"numPassingAsserts":1,"retryReasons":[],"startAt":1772613654368,"status":"passed","title":"髯埼妛驥上′15cm繧定ｶ・∴繧九→縲√せ繧ｳ繧｢縺後い繝・・縺吶ｋ (+20)"},{"ancestorTitles":["scoring.ts (Winter Scoring Rules)","calculateConditionScore"],"duration":1,"failing":false,"failureDetails":[],"failureMessages":[],"fullName":"scoring.ts (Winter Scoring Rules) calculateConditionScore 豌玲ｸｩ縺・5蠎ｦ譛ｪ貅縺縺ｨ縲√せ繧ｳ繧｢縺後い繝・・縺吶ｋ (+10)","invocations":1,"location":null,"numPassingAsserts":1,"retryReasons":[],"startAt":1772613654368,"status":"passed","title":"豌玲ｸｩ縺・5蠎ｦ譛ｪ貅縺縺ｨ縲√せ繧ｳ繧｢縺後い繝・・縺吶ｋ (+10)"},{"ancestorTitles":["scoring.ts (Winter Scoring Rules)","calculateConditionScore"],"duration":0,"failing":false,"failureDetails":[],"failureMessages":[],"fullName":"scoring.ts (Winter Scoring Rules) calculateConditionScore 豌玲ｸｩ縺・蠎ｦ繧定ｶ・∴繧九→縲√せ繧ｳ繧｢縺後ム繧ｦ繝ｳ縺吶ｋ (-20)","invocations":1,"location":null,"numPassingAsserts":1,"retryReasons":[],"startAt":1772613654369,"status":"passed","title":"豌玲ｸｩ縺・蠎ｦ繧定ｶ・∴繧九→縲√せ繧ｳ繧｢縺後ム繧ｦ繝ｳ縺吶ｋ (-20)"},{"ancestorTitles":["scoring.ts (Winter Scoring Rules)","calculateConditionScore"],"duration":0,"failing":false,"failureDetails":[],"failureMessages":[],"fullName":"scoring.ts (Winter Scoring Rules) calculateConditionScore 鬚ｨ騾溘′15m/s繧定ｶ・∴繧九→縲√せ繧ｳ繧｢縺悟､ｧ蟷・ム繧ｦ繝ｳ縺吶ｋ (-30)","invocations":1,"location":null,"numPassingAsserts":1,"retryReasons":[],"startAt":1772613654369,"status":"passed","title":"鬚ｨ騾溘′15m/s繧定ｶ・∴繧九→縲√せ繧ｳ繧｢縺悟､ｧ蟷・ム繧ｦ繝ｳ縺吶ｋ (-30)"},{"ancestorTitles":["scoring.ts (Winter Scoring Rules)","calculateConditionScore"],"duration":1,"failing":false,"failureDetails":[],"failureMessages":[],"fullName":"scoring.ts (Winter Scoring Rules) calculateConditionScore 繧ｹ繧ｳ繧｢縺ｮ荳企剞縺ｯ100縲∽ｸ矩剞縺ｯ0縺ｧ縺ゅｋ縺薙→","invocations":1,"location":null,"numPassingAsserts":2,"retryReasons":[],"startAt":1772613654369,"status":"passed","title":"繧ｹ繧ｳ繧｢縺ｮ荳企剞縺ｯ100縲∽ｸ矩剞縺ｯ0縺ｧ縺ゅｋ縺薙→"},{"ancestorTitles":["scoring.ts (Winter Scoring Rules)","getWeatherLabel"],"duration":0,"failing":false,"failureDetails":[],"failureMessages":[],"fullName":"scoring.ts (Winter Scoring Rules) getWeatherLabel 螟ｩ蛟吶さ繝ｼ繝峨↓蠢懊§縺滓ｭ｣縺励＞邨ｵ譁・ｭ励→繝・く繧ｹ繝医ｒ霑斐☆縺薙→","invocations":1,"location":null,"numPassingAsserts":6,"retryReasons":[],"startAt":1772613654370,"status":"passed","title":"螟ｩ蛟吶さ繝ｼ繝峨↓蠢懊§縺滓ｭ｣縺励＞邨ｵ譁・ｭ励→繝・く繧ｹ繝医ｒ霑斐☆縺薙→"},{"ancestorTitles":["scoring.ts (Winter Scoring Rules)","getSnowQuality"],"duration":1,"failing":false,"failureDetails":[],"failureMessages":[],"fullName":"scoring.ts (Winter Scoring Rules) getSnowQuality 豌玲ｸｩ縺ｫ蠢懊§縺滓ｭ｣縺励＞髮ｪ雉ｪ蛻､螳壹ｒ霑斐☆縺薙→","invocations":1,"location":null,"numPassingAsserts":5,"retryReasons":[],"startAt":1772613654370,"status":"passed","title":"豌玲ｸｩ縺ｫ蠢懊§縺滓ｭ｣縺励＞髮ｪ雉ｪ蛻､螳壹ｒ霑斐☆縺薙→"},{"ancestorTitles":["scoring.ts (Winter Scoring Rules)","calculateWindChill"],"duration":1,"failing":false,"failureDetails":[],"failureMessages":[],"fullName":"scoring.ts (Winter Scoring Rules) calculateWindChill 豌玲ｸｩ縺九ｉ鬚ｨ騾溘ｒ蠑輔＞縺ｦ菴捺─貂ｩ蠎ｦ繧定ｿ台ｼｼ繝ｻ險育ｮ励☆繧九％縺ｨ","invocations":1,"location":null,"numPassingAsserts":2,"retryReasons":[],"startAt":1772613654371,"status":"passed","title":"豌玲ｸｩ縺九ｉ鬚ｨ騾溘ｒ蠑輔＞縺ｦ菴捺─貂ｩ蠎ｦ繧定ｿ台ｼｼ繝ｻ險育ｮ励☆繧九％縺ｨ"},{"ancestorTitles":["scoring.ts (Winter Scoring Rules)","getClothingAdvice"],"duration":0,"failing":false,"failureDetails":[],"failureMessages":[],"fullName":"scoring.ts (Winter Scoring Rules) getClothingAdvice 菴捺─貂ｩ蠎ｦ縺ｫ蠢懊§縺滓恪陬・い繝峨ヰ繧､繧ｹ繧定ｿ斐☆縺薙→","invocations":1,"location":null,"numPassingAsserts":5,"retryReasons":[],"startAt":1772613654372,"status":"passed","title":"菴捺─貂ｩ蠎ｦ縺ｫ蠢懊§縺滓恪陬・い繝峨ヰ繧､繧ｹ繧定ｿ斐☆縺薙→"}],"endTime":1772613654373,"message":"","name":"C:\\Users\\iiiii\\Documents\\google驥榊鴨辟｡蜉ｹ\\hybrid-snow-hunter-source\\src\\lib\\__tests__\\scoring.test.ts","startTime":1772613654222,"status":"passed","summary":""}],"wasInterrupted":false}
